<?xml version="1.0" encoding="UTF-8"?>
<testsuite name="MethodsTest" tests="3" skipped="0" failures="0" errors="0" timestamp="2021-11-14T22:38:52" hostname="NOTEHP" time="0.223">
  <properties/>
  <testcase name="fibonacciWith0Test()" classname="MethodsTest" time="0.206"/>
  <testcase name="fibonacciWith1Test()" classname="MethodsTest" time="0.006"/>
  <testcase name="fibonacciWithNumberGreaterThan3Test()" classname="MethodsTest" time="0.004"/>
  <system-out><![CDATA[]]></system-out>
  <system-err><![CDATA[]]></system-err>
</testsuite>
