<?xml version="1.0" encoding="UTF-8"?>
<testsuite name="MethodsTest" tests="1" skipped="0" failures="0" errors="0" timestamp="2021-11-14T23:50:43" hostname="NOTEHP" time="0.289">
  <properties/>
  <testcase name="isPalindromeTest()" classname="MethodsTest" time="0.289"/>
  <system-out><![CDATA[]]></system-out>
  <system-err><![CDATA[]]></system-err>
</testsuite>
